F:\1ST SEMISTER\EXTRA BOOKS\CODING\VISUAL STUDIO\PROJECT\MAIN PROJECT\MAIN PROJECT\DEBUG\MAIN PROJECT.OBJ
F:\1ST SEMISTER\EXTRA BOOKS\CODING\VISUAL STUDIO\PROJECT\MAIN PROJECT\MAIN PROJECT\DEBUG\STDAFX.OBJ
F:\1ST SEMISTER\EXTRA BOOKS\CODING\VISUAL STUDIO\PROJECT\MAIN PROJECT\MAIN PROJECT\DEBUG\VC110.PDB
F:\1ST SEMISTER\EXTRA BOOKS\CODING\VISUAL STUDIO\PROJECT\MAIN PROJECT\DEBUG\MAIN PROJECT.ILK
F:\1ST SEMISTER\EXTRA BOOKS\CODING\VISUAL STUDIO\PROJECT\MAIN PROJECT\DEBUG\MAIN PROJECT.EXE
F:\1ST SEMISTER\EXTRA BOOKS\CODING\VISUAL STUDIO\PROJECT\MAIN PROJECT\DEBUG\MAIN PROJECT.PDB
F:\1st semister\Extra BOOKS\Coding\Visual Studio\Project\MAIN PROJECT\MAIN PROJECT\Debug\MAIN PROJECT.obj
F:\1st semister\Extra BOOKS\Coding\Visual Studio\Project\MAIN PROJECT\MAIN PROJECT\Debug\stdafx.obj
F:\1st semister\Extra BOOKS\Coding\Visual Studio\Project\MAIN PROJECT\MAIN PROJECT\Debug\cl.command.1.tlog
F:\1st semister\Extra BOOKS\Coding\Visual Studio\Project\MAIN PROJECT\MAIN PROJECT\Debug\CL.read.1.tlog
F:\1st semister\Extra BOOKS\Coding\Visual Studio\Project\MAIN PROJECT\MAIN PROJECT\Debug\CL.write.1.tlog
F:\1st semister\Extra BOOKS\Coding\Visual Studio\Project\MAIN PROJECT\MAIN PROJECT\Debug\link-cvtres.read.1.tlog
F:\1st semister\Extra BOOKS\Coding\Visual Studio\Project\MAIN PROJECT\MAIN PROJECT\Debug\link-cvtres.write.1.tlog
F:\1st semister\Extra BOOKS\Coding\Visual Studio\Project\MAIN PROJECT\MAIN PROJECT\Debug\link-rc.read.1.tlog
F:\1st semister\Extra BOOKS\Coding\Visual Studio\Project\MAIN PROJECT\MAIN PROJECT\Debug\link-rc.write.1.tlog
F:\1st semister\Extra BOOKS\Coding\Visual Studio\Project\MAIN PROJECT\MAIN PROJECT\Debug\link.command.1.tlog
F:\1st semister\Extra BOOKS\Coding\Visual Studio\Project\MAIN PROJECT\MAIN PROJECT\Debug\link.read.1.tlog
F:\1st semister\Extra BOOKS\Coding\Visual Studio\Project\MAIN PROJECT\MAIN PROJECT\Debug\link.write.1.tlog
F:\1st semister\Extra BOOKS\Coding\Visual Studio\Project\MAIN PROJECT\MAIN PROJECT\Debug\vc110.idb
F:\1st semister\Extra BOOKS\Coding\Visual Studio\Project\MAIN PROJECT\MAIN PROJECT\Debug\vc110.pdb
F:\1st semister\Extra BOOKS\Coding\Visual Studio\Project\MAIN PROJECT\Debug\MAIN PROJECT.pdb
F:\1st semister\Extra BOOKS\Coding\Visual Studio\Project\MAIN PROJECT\Debug\MAIN PROJECT.exe
F:\1st semister\Extra BOOKS\Coding\Visual Studio\Project\MAIN PROJECT\Debug\MAIN PROJECT.ilk
